{
  "RSpec": {
    "coverage": {
      "/Users/KazzStrack/Dropbox/makers_academy/makersbnb/spec/backend/features/sign_in_spec.rb": [
        1,
        1,
        1,
        1,
        1,
        1,
        1,
        null,
        null
      ],
      "/Users/KazzStrack/Dropbox/makers_academy/makersbnb/spec/backend/features/sign_up_spec.rb": [
        1,
        1,
        1,
        1,
        1,
        1,
        1,
        1,
        1,
        null,
        null
      ]
    },
    "timestamp": 1519730965
  }
}
